[softivuspro.com/bankhub-html/index.html]
[softivuspro.com/bankhub-html/assets/images/logo.png]
[softivuspro.com/bankhub-html/assets/css/nice-select2.css]
[unpkg.com/js-datepicker@5.18.3/dist/datepicker.min.css]
[softivuspro.com/bankhub-html/assets/css/line-awesome/css/line-awesome.min.css]
[cdnjs.cloudflare.com/ajax/libs/tippy.js/2.5.4/tippy.css]
[backblue.gif]
[fade.gif]
[index.html]
[unpkg.com/tippy.js@6.3.7/animations/scale.css]
[softivuspro.com/bankhub-html/assets/css/index.css]
[softivuspro.com/bankhub-html/index-2.html]
[softivuspro.com/bankhub-html/assets/images/logo-with-text.png]
[softivuspro.com/bankhub-html/assets/images/user-3.png]
[softivuspro.com/bankhub-html/assets/images/user-4.png]
[softivuspro.com/bankhub-html/assets/images/user-5.png]
[softivuspro.com/bankhub-html/assets/images/user-7.png]
[softivuspro.com/bankhub-html/chat.html]
[softivuspro.com/bankhub-html/assets/images/blank-profile-picture-973460_1280.webp]
[softivuspro.com/bankhub-html/profile.html]
[softivuspro.com/bankhub-html/help-center.html]
[softivuspro.com/bankhub-html/security.html]
[softivuspro.com/bankhub-html/sign-in.html]
[softivuspro.com/bankhub-html/assets/images/logo.png]
[softivuspro.com/bankhub-html/assets/images/logo-text.png]
[softivuspro.com/bankhub-html/dashboard.html]
[softivuspro.com/bankhub-html/dashboard-03.html]
[softivuspro.com/bankhub-html/dashboard-04.html]
[softivuspro.com/bankhub-html/dashboard-05.html]
[softivuspro.com/bankhub-html/bank-account.html]
[softivuspro.com/bankhub-html/account-overview.html]
[softivuspro.com/bankhub-html/account-details.html]
[softivuspro.com/bankhub-html/deposit-details.html]
[softivuspro.com/bankhub-html/card-overview.html]
[softivuspro.com/bankhub-html/card-details.html]
[softivuspro.com/bankhub-html/transaction-01.html]
[softivuspro.com/bankhub-html/transaction-02.html]
[softivuspro.com/bankhub-html/transaction-03.html]
[softivuspro.com/bankhub-html/payment-overview.html]
[softivuspro.com/bankhub-html/providers.html]
[softivuspro.com/bankhub-html/exchange.html]
[softivuspro.com/bankhub-html/make-payment.html]
[softivuspro.com/bankhub-html/add-contact.html]
[softivuspro.com/bankhub-html/transfer-overview.html]
[softivuspro.com/bankhub-html/make-transfer.html]
[softivuspro.com/bankhub-html/add-new.html]
[softivuspro.com/bankhub-html/invoice-01.html]
[softivuspro.com/bankhub-html/invoice-02.html]
[softivuspro.com/bankhub-html/trading-01.html]
[softivuspro.com/bankhub-html/trading-02.html]
[softivuspro.com/bankhub-html/trading-03.html]
[softivuspro.com/bankhub-html/reports-01.html]
[softivuspro.com/bankhub-html/reports-02.html]
[softivuspro.com/bankhub-html/social-network.html]
[softivuspro.com/bankhub-html/notification.html]
[softivuspro.com/bankhub-html/payment-limits.html]
[softivuspro.com/bankhub-html/sign-up.html]
[softivuspro.com/bankhub-html/signin-qrcode.html]
[softivuspro.com/bankhub-html/404.html]
[softivuspro.com/bankhub-html/privacy-policy.html]
[softivuspro.com/bankhub-html/contact-us.html]
[softivuspro.com/bankhub-html/components.html]
[softivuspro.com/bankhub-html/getting-started.html]
[softivuspro.com/bankhub-html/configuration.html]
[softivuspro.com/bankhub-html/dark-mode.html]
[softivuspro.com/bankhub-html/color.html]
[softivuspro.com/bankhub-html/styling.html]
[softivuspro.com/bankhub-html/plugins.html]
[softivuspro.com/bankhub-html/layout.html]
[softivuspro.com/bankhub-html/webpack.html]
[softivuspro.com/bankhub-html/changelog.html]
[softivuspro.com/bankhub-html/assets/images/upgrade.png]
[softivuspro.com/bankhub-html/assets/images/paypal.png]
[softivuspro.com/bankhub-html/assets/images/visa.png]
[softivuspro.com/bankhub-html/assets/images/payoneer.png]
[softivuspro.com/bankhub-html/assets/images/card-sm-1.png]
[softivuspro.com/bankhub-html/assets/images/card-sm-2.png]
[softivuspro.com/bankhub-html/assets/images/card-sm-3.png]
[softivuspro.com/bankhub-html/assets/images/card-sm-8.png]
[softivuspro.com/bankhub-html/assets/images/card-sm-4.png]
[softivuspro.com/bankhub-html/assets/images/card-sm-5.png]
[softivuspro.com/bankhub-html/assets/images/card-sm-6.png]
[softivuspro.com/bankhub-html/assets/images/card-sm-7.png]
[softivuspro.com/bankhub-html/assets/images/placeholder.png]
[unpkg.com/@popperjs/core@2.11.8/dist/umd/popper.min.js]
[unpkg.com/tippy.js@6.3.7/dist/tippy-bundle.umd.js]
[softivuspro.com/bankhub-html/assets/js/libs/nice-select2.js]
[softivuspro.com/bankhub-html/assets/js/libs/apexcharts.min.js]
[softivuspro.com/bankhub-html/assets/js/charts.js]
[softivuspro.com/bankhub-html/assets/js/main.js]
[softivuspro.com/bankhub-html/index.html]
[softivuspro.com/bankhub-html/assets/css/nice-select2.css]
[unpkg.com/js-datepicker@5.18.3/dist/datepicker.min.css]
[softivuspro.com/bankhub-html/assets/js/app.js]
[softivuspro.com/bankhub-html/assets/css/line-awesome/fonts/la-brands-400.eot]
[softivuspro.com/bankhub-html/assets/css/line-awesome/fonts/la-brands-400d41d.eot]
[softivuspro.com/bankhub-html/assets/css/line-awesome/fonts/la-brands-400.woff2]
[softivuspro.com/bankhub-html/assets/css/line-awesome/fonts/la-brands-400.woff]
[softivuspro.com/bankhub-html/assets/css/line-awesome/fonts/la-brands-400.ttf]
[softivuspro.com/bankhub-html/assets/css/line-awesome/fonts/la-brands-400.svg]
[softivuspro.com/bankhub-html/assets/css/line-awesome/fonts/la-regular-400.eot]
[softivuspro.com/bankhub-html/assets/css/line-awesome/fonts/la-regular-400d41d.eot]
[softivuspro.com/bankhub-html/assets/css/line-awesome/fonts/la-regular-400.woff2]
[softivuspro.com/bankhub-html/assets/css/line-awesome/fonts/la-regular-400.woff]
[softivuspro.com/bankhub-html/assets/css/line-awesome/fonts/la-regular-400.ttf]
[softivuspro.com/bankhub-html/assets/css/line-awesome/fonts/la-regular-400.svg]
[softivuspro.com/bankhub-html/assets/css/line-awesome/fonts/la-solid-900.eot]
[softivuspro.com/bankhub-html/assets/css/line-awesome/fonts/la-solid-900d41d.eot]
[softivuspro.com/bankhub-html/assets/css/line-awesome/fonts/la-solid-900.woff2]
[softivuspro.com/bankhub-html/assets/css/line-awesome/fonts/la-solid-900.woff]
[softivuspro.com/bankhub-html/assets/css/line-awesome/fonts/la-solid-900.ttf]
[softivuspro.com/bankhub-html/assets/css/line-awesome/css/line-awesome.min.css]
[cdnjs.cloudflare.com/ajax/libs/tippy.js/2.5.4/tippy.css]
[unpkg.com/tippy.js@6.3.7/animations/scale.css]
[softivuspro.com/bankhub-html/assets/css/index.css]
[softivuspro.com/bankhub-html/index-2.html]
[softivuspro.com/bankhub-html/assets/css/line-awesome/fonts/la-solid-900.svg]
[softivuspro.com/bankhub-html/assets/images/user.png]
[softivuspro.com/bankhub-html/assets/images/user-1.png]
[softivuspro.com/bankhub-html/assets/images/user-2.png]
[softivuspro.com/bankhub-html/assets/images/user-10.png]
[softivuspro.com/bankhub-html/chat.html]
[cdn.quilljs.com/1.3.6/quill.snow.css]
[softivuspro.com/bankhub-html/profile.html]
[cdnjs.cloudflare.com/ajax/libs/quill/2.0.0-rc.0/quill.min.js]
[softivuspro.com/bankhub-html/assets/images/help-center.png]
[softivuspro.com/bankhub-html/help-center.html]
[softivuspro.com/bankhub-html/security.html]
[softivuspro.com/bankhub-html/assets/images/ellipse1.png]
[softivuspro.com/bankhub-html/assets/images/ellipse2.png]
[softivuspro.com/bankhub-html/assets/images/auth.png]
[softivuspro.com/bankhub-html/sign-in.html]
[cdn.jsdelivr.net/npm/swiper@11/swiper-bundle.min.css]
[softivuspro.com/bankhub-html/assets/images/my-wallet-1.png]
[softivuspro.com/bankhub-html/assets/images/my-wallet-2.png]
[softivuspro.com/bankhub-html/assets/images/my-wallet-3.png]
[softivuspro.com/bankhub-html/dashboard.html]
[cdn.jsdelivr.net/npm/swiper@11/swiper-bundle.min.js]
[cdn.jsdelivr.net/npm/jsvectormap/dist/css/jsvectormap.min.css]
[softivuspro.com/bankhub-html/dashboard-03.html]
[softivuspro.com/bankhub-html/dashboard-04.html]
[cdn.jsdelivr.net/npm/jsvectormap/dist/maps/world.js]
[softivuspro.com/bankhub-html/assets/images/chrome.png]
[softivuspro.com/bankhub-html/assets/images/firefox.png]
[softivuspro.com/bankhub-html/assets/images/edge.png]
[softivuspro.com/bankhub-html/assets/images/opera.png]
[softivuspro.com/bankhub-html/dashboard-05.html]
[softivuspro.com/bankhub-html/assets/images/usa-sm.png]
[softivuspro.com/bankhub-html/assets/images/cn-sm.png]
[softivuspro.com/bankhub-html/assets/images/euro-sm.png]
[softivuspro.com/bankhub-html/assets/images/jp-sm.png]
[softivuspro.com/bankhub-html/assets/images/uk-sm.png]
[softivuspro.com/bankhub-html/bank-account.html]
[softivuspro.com/bankhub-html/account-overview.html]
[softivuspro.com/bankhub-html/assets/images/visa-sm.png]
[softivuspro.com/bankhub-html/account-details.html]
[softivuspro.com/bankhub-html/assets/images/mastercard.png]
[softivuspro.com/bankhub-html/deposit-details.html]
[softivuspro.com/bankhub-html/card-overview.html]
[softivuspro.com/bankhub-html/card-details.html]
[softivuspro.com/bankhub-html/assets/images/paypal-big.png]
[softivuspro.com/bankhub-html/transaction-01.html]
[softivuspro.com/bankhub-html/transaction-02.html]
[softivuspro.com/bankhub-html/transaction-03.html]
[softivuspro.com/bankhub-html/payment-overview.html]
[softivuspro.com/bankhub-html/providers.html]
[softivuspro.com/bankhub-html/exchange.html]
[softivuspro.com/bankhub-html/make-payment.html]
[softivuspro.com/bankhub-html/add-contact.html]
[softivuspro.com/bankhub-html/transfer-overview.html]
[softivuspro.com/bankhub-html/assets/images/rs-sm.png]
[softivuspro.com/bankhub-html/make-transfer.html]
[softivuspro.com/bankhub-html/add-new.html]
[softivuspro.com/bankhub-html/invoice-01.html]
[softivuspro.com/bankhub-html/invoice-02.html]
[softivuspro.com/bankhub-html/trading-01.html]
[softivuspro.com/bankhub-html/trading-02.html]
[softivuspro.com/bankhub-html/trading-03.html]
[softivuspro.com/bankhub-html/reports-01.html]
[softivuspro.com/bankhub-html/reports-02.html]
[softivuspro.com/bankhub-html/social-network.html]
[softivuspro.com/bankhub-html/notification.html]
[softivuspro.com/bankhub-html/payment-limits.html]
[softivuspro.com/bankhub-html/sign-up.html]
[softivuspro.com/bankhub-html/assets/images/qrcode.png]
[softivuspro.com/bankhub-html/signin-qrcode.html]
[softivuspro.com/bankhub-html/assets/images/system-error.png]
[softivuspro.com/bankhub-html/404.html]
[softivuspro.com/bankhub-html/privacy-policy.html]
[softivuspro.com/bankhub-html/contact-us.html]
[cdnjs.cloudflare.com/ajax/libs/highlight.js/11.10.0/styles/github-dark.min.css]
[cdn.jsdelivr.net/npm/notyf@3/notyf.min.css]
[softivuspro.com/bankhub-html/assets/css/hint.min.css]
[softivuspro.com/bankhub-html/assets/images/avatar-1.png]
[softivuspro.com/bankhub-html/assets/images/avatar-2.png]
[softivuspro.com/bankhub-html/assets/images/avatar-3.png]
[cdn.jsdelivr.net/npm/notyf@3/notyf.min.js]
[softivuspro.com/bankhub-html/components.html]
[softivuspro.com/bankhub-html/getting-started.html]
[softivuspro.com/bankhub-html/configuration.html]
[softivuspro.com/bankhub-html/dark-mode.html]
[softivuspro.com/bankhub-html/color.html]
[softivuspro.com/bankhub-html/styling.html]
[softivuspro.com/bankhub-html/plugins.html]
[cdnjs.cloudflare.com/ajax/libs/highlight.js/11.9.0/highlight.min.js]
[softivuspro.com/bankhub-html/assets/images/layout.png]
[softivuspro.com/bankhub-html/layout.html]
[softivuspro.com/bankhub-html/webpack.html]
[softivuspro.com/bankhub-html/changelog.html]
[softivuspro.com/bankhub-html/assets/js/libs/nice-select2.js]
[softivuspro.com/bankhub-html/assets/js/libs/apexcharts.min.js]
[softivuspro.com/bankhub-html/assets/js/charts.js]
[softivuspro.com/bankhub-html/assets/images/logo-with-text-dark.png]
[softivuspro.com/bankhub-html/assets/images/logo-dark.png]
[softivuspro.com/bankhub-html/assets/images/logo-text-dark.png]
[softivuspro.com/bankhub-html/assets/images/qrcode-dark.png]
[softivuspro.com/bankhub-html/assets/js/main.js]
[softivuspro.com/bankhub-html/__webpack_require__.r(__webpack_exports__);]
[softivuspro.com/bankhub-html/);]
[softivuspro.com/bankhub-html/src/assets/js/app.js]
[softivuspro.com/bankhub-html/assets/js/app.js]
[softivuspro.com/bankhub-html/assets/css/line-awesome/fonts/la-brands-400.svg]
[softivuspro.com/bankhub-html/assets/css/line-awesome/fonts/la-regular-400.svg]
[softivuspro.com/bankhub-html/assets/css/line-awesome/fonts/la-solid-900.svg]
[cdn.quilljs.com/1.3.6/quill.snow.css]
[cdn.jsdelivr.net/npm/swiper@11/swiper-bundle.min.css]
[cdn.jsdelivr.net/npm/jsvectormap/dist/css/jsvectormap.min.css]
[cdnjs.cloudflare.com/ajax/libs/highlight.js/11.10.0/styles/github-dark.min.css]
[cdn.jsdelivr.net/npm/notyf@3/notyf.min.css]
[softivuspro.com/bankhub-html/assets/css/hint.min.css]
[softivuspro.com/bankhub-html/__webpack_require__.html]
[softivuspro.com/bankhub-html/);.html]
[softivuspro.com/bankhub-html/src/assets/js/app.html]
